# Logfile created on 2020-05-06 16:53:48 +0900 by logger.rb/66358
[2020-05-06T16:53:49+09:00] INFO: Started chef-zero at chefzero://localhost:1 with repository at /opt/gitlab/embedded
  One version per cookbook

[2020-05-06T16:53:49+09:00] INFO: *** Chef 14.14.29 ***
[2020-05-06T16:53:49+09:00] INFO: Platform: x86_64-linux
[2020-05-06T16:53:49+09:00] INFO: Chef-client pid: 17769
[2020-05-06T16:53:49+09:00] INFO: The plugin path /etc/chef/ohai/plugins does not exist. Skipping...
[2020-05-06T16:54:05+09:00] INFO: Setting the run_list to ["recipe[gitlab]"] from CLI options
[2020-05-06T16:54:05+09:00] INFO: Run List is [recipe[gitlab]]
[2020-05-06T16:54:05+09:00] INFO: Run List expands to [gitlab]
[2020-05-06T16:54:05+09:00] INFO: Starting Chef Run for testcbnu.com.com
[2020-05-06T16:54:05+09:00] INFO: Running start handlers
[2020-05-06T16:54:05+09:00] INFO: Start handlers complete.
[2020-05-06T16:54:08+09:00] INFO: Loading cookbooks [gitlab@0.0.1, package@0.1.0, postgresql@0.1.0, redis@0.1.0, monitoring@0.1.0, registry@0.1.0, mattermost@0.1.0, consul@0.1.0, gitaly@0.1.0, praefect@0.1.0, letsencrypt@0.1.0, nginx@0.1.0, runit@4.3.0, acme@4.1.1, crond@0.1.0]
[2020-05-06T16:54:19+09:00] WARN: Selected systemd because systemctl shows .mount units
[2020-05-06T16:54:20+09:00] INFO: The plugin path /etc/chef/ohai/plugins does not exist. Skipping...
[2020-05-06T16:54:21+09:00] INFO: template[/var/opt/gitlab/.gitconfig] backed up to /opt/gitlab/embedded/cookbooks/cache/backup/var/opt/gitlab/.gitconfig.chef-20200506165421.580668
[2020-05-06T16:54:21+09:00] INFO: template[/var/opt/gitlab/.gitconfig] updated file contents /var/opt/gitlab/.gitconfig
[2020-05-06T16:54:22+09:00] INFO: template[/var/opt/gitlab/gitlab-shell/config.yml] backed up to /opt/gitlab/embedded/cookbooks/cache/backup/var/opt/gitlab/gitlab-shell/config.yml.chef-20200506165422.108687
[2020-05-06T16:54:22+09:00] INFO: template[/var/opt/gitlab/gitlab-shell/config.yml] updated file contents /var/opt/gitlab/gitlab-shell/config.yml
[2020-05-06T16:54:23+09:00] INFO: template[/var/opt/gitlab/gitlab-rails/etc/gitlab.yml] backed up to /opt/gitlab/embedded/cookbooks/cache/backup/var/opt/gitlab/gitlab-rails/etc/gitlab.yml.chef-20200506165423.462098
[2020-05-06T16:54:23+09:00] INFO: template[/var/opt/gitlab/gitlab-rails/etc/gitlab.yml] updated file contents /var/opt/gitlab/gitlab-rails/etc/gitlab.yml
[2020-05-06T16:54:23+09:00] WARN: only_if block for templatesymlink[Create a gitlab_pages_secret and create a symlink to Rails root] returned a string, did you mean to run a command?
[2020-05-06T16:54:30+09:00] INFO: execute[Guard resource] ran successfully
[2020-05-06T16:54:32+09:00] INFO: execute[Guard resource] ran successfully
[2020-05-06T16:55:15+09:00] INFO: bash[Set proper security context on ssh files for selinux] ran successfully
[2020-05-06T16:55:16+09:00] INFO: file[/opt/gitlab/sv/postgresql/supervise/status] owner changed to 984
[2020-05-06T16:55:16+09:00] INFO: file[/opt/gitlab/sv/postgresql/supervise/status] group changed to 978
[2020-05-06T16:55:16+09:00] INFO: file[/opt/gitlab/sv/postgresql/supervise/status] updated atime and mtime to 2020-05-06 16:55:16 +0900
[2020-05-06T16:55:16+09:00] INFO: file[/opt/gitlab/sv/postgresql/log/supervise/status] owner changed to 984
[2020-05-06T16:55:16+09:00] INFO: file[/opt/gitlab/sv/postgresql/log/supervise/status] group changed to 978
[2020-05-06T16:55:16+09:00] INFO: file[/opt/gitlab/sv/postgresql/log/supervise/status] updated atime and mtime to 2020-05-06 16:55:16 +0900
[2020-05-06T16:55:22+09:00] INFO: bash[set ownership of old migration log files] ran successfully
[2020-05-06T16:55:22+09:00] INFO: template[/var/opt/gitlab/gitlab-rails/etc/unicorn.rb] backed up to /opt/gitlab/embedded/cookbooks/cache/backup/var/opt/gitlab/gitlab-rails/etc/unicorn.rb.chef-20200506165522.642243
[2020-05-06T16:55:22+09:00] INFO: template[/var/opt/gitlab/gitlab-rails/etc/unicorn.rb] updated file contents /var/opt/gitlab/gitlab-rails/etc/unicorn.rb
[2020-05-06T16:55:22+09:00] INFO: template[/var/opt/gitlab/gitlab-rails/etc/unicorn.rb] not queuing delayed action restart on runit_service[unicorn] (delayed), as it's already been queued
[2020-05-06T16:55:22+09:00] INFO: runit_service[unicorn] running why-run enable action to support before action
[2020-05-06T16:55:23+09:00] INFO: template[/var/opt/gitlab/nginx/conf/gitlab-http.conf] backed up to /opt/gitlab/embedded/cookbooks/cache/backup/var/opt/gitlab/nginx/conf/gitlab-http.conf.chef-20200506165523.443188
[2020-05-06T16:55:23+09:00] INFO: template[/var/opt/gitlab/nginx/conf/gitlab-http.conf] updated file contents /var/opt/gitlab/nginx/conf/gitlab-http.conf
[2020-05-06T16:55:24+09:00] INFO: file[Prometheus config] backed up to /opt/gitlab/embedded/cookbooks/cache/backup/var/opt/gitlab/prometheus/prometheus.yml.chef-20200506165524.399629
[2020-05-06T16:55:24+09:00] INFO: file[Prometheus config] updated file contents /var/opt/gitlab/prometheus/prometheus.yml
[2020-05-06T16:55:24+09:00] INFO: ruby_block[populate Grafana configuration options] called
[2020-05-06T16:55:24+09:00] INFO: template[/var/opt/gitlab/grafana/grafana.ini] backed up to /opt/gitlab/embedded/cookbooks/cache/backup/var/opt/gitlab/grafana/grafana.ini.chef-20200506165524.770044
[2020-05-06T16:55:24+09:00] INFO: template[/var/opt/gitlab/grafana/grafana.ini] updated file contents /var/opt/gitlab/grafana/grafana.ini
[2020-05-06T16:55:24+09:00] INFO: templatesymlink[Create a gitlab.yml and create a symlink to Rails root] sending restart action to runit_service[unicorn] (delayed)
[2020-05-06T16:55:24+09:00] INFO: runit_service[unicorn] running why-run restart action to support before action
[2020-05-06T16:55:24+09:00] INFO: templatesymlink[Create a gitlab.yml and create a symlink to Rails root] sending restart action to runit_service[sidekiq] (delayed)
[2020-05-06T16:55:29+09:00] INFO: templatesymlink[Create a gitlab.yml and create a symlink to Rails root] sending run action to execute[clear the gitlab-rails cache] (delayed)
